<?xml version="1.0" encoding="UTF-8"?>
<!-- Generated by org.testng.reporters.JUnitReportReporter -->
<testsuite hostname="DESKTOP-FD11GJE" failures="0" tests="1" name="com.capstone.selenium.testing.UserPage" time="8.209" errors="0" timestamp="2021-10-30T08:58:24 PDT" skipped="0">
  <testcase classname="com.capstone.selenium.testing.UserPage" name="google" time="8.209"/>
  <system-out/>
</testsuite> <!-- com.capstone.selenium.testing.UserPage -->
