<?xml version="1.0" encoding="UTF-8"?>
<!-- Generated by org.testng.reporters.JUnitReportReporter -->
<testsuite hostname="DESKTOP-FD11GJE" failures="0" tests="6" name="com.capstone.selenium.testing.UserPage" time="5.918" errors="0" timestamp="31 Oct 2021 20:03:48 GMT" skipped="0">
  <testcase classname="com.capstone.selenium.testing.UserPage" name="login" time="4.011"/>
  <testcase classname="com.capstone.selenium.testing.UserPage" name="searchProd" time="0.346"/>
  <testcase classname="com.capstone.selenium.testing.UserPage" name="selectcategory" time="0.267"/>
  <testcase classname="com.capstone.selenium.testing.UserPage" name="CartOperations" time="0.528"/>
  <testcase classname="com.capstone.selenium.testing.UserPage" name="paymentGateway" time="0.393"/>
  <testcase classname="com.capstone.selenium.testing.UserPage" name="orderPrint" time="0.373"/>
</testsuite> <!-- com.capstone.selenium.testing.UserPage -->
